<?xml version="1.0" encoding="UTF-8"?>
<testsuite xmlns:xsi="http://www.w3.org/2001/XMLSchema-instance" xsi:noNamespaceSchemaLocation="https://maven.apache.org/surefire/maven-surefire-plugin/xsd/surefire-test-report.xsd" name="com.example.readingisgood.services.BookServiceTest" time="0.106" tests="7" errors="0" skipped="0" failures="0">
  <properties>
[...]
</properties>
  <testcase name="it_should_add_new_book" classname="com.example.readingisgood.services.BookServiceTest" time="0.075"/>
  <testcase name="it_should_update_stock" classname="com.example.readingisgood.services.BookServiceTest" time="0.004"/>
  <testcase name="it_should_throw_book_not_found_exception_on_updating_stock" classname="com.example.readingisgood.services.BookServiceTest" time="0.003"/>
  <testcase name="it_should_throw_book_already_exists_exception" classname="com.example.readingisgood.services.BookServiceTest" time="0.003"/>
  <testcase name="it_should_get_given_isbn_book" classname="com.example.readingisgood.services.BookServiceTest" time="0.006"/>
  <testcase name="it_should_throw_book_not_found_exception_while_getting_a_book" classname="com.example.readingisgood.services.BookServiceTest" time="0.003"/>
  <testcase name="it_should_return_all_books" classname="com.example.readingisgood.services.BookServiceTest" time="0.005"/>
</testsuite>